FAILED TEST LOG
  ✘ tests should pass

AssertionError [ERR_ASSERTION]: The expression evaluated to a falsy value:

assert(lastCommand[0] === 'ls' && /\/project\/website$/.test(cwd))

at Context.<anonymous> (test/600.test.js:9:5)
FAILED TEST LOG
  ✘ tests should pass

AssertionError [ERR_ASSERTION]: The expression evaluated to a falsy value:

assert(imagesDirectory.indexOf('header.png') >= 0 && lastCommand[0] === 'cp' && /header\.png$/.test(lastCommand[1]) && /images/.test(lastCommand[2]))

at Context.<anonymous> (test/610.test.js:9:5)
FAILED TEST LOG
  ✘ tests should pass

AssertionError [ERR_ASSERTION]: The expression evaluated to a falsy value:

assert(imagesDirectory.indexOf('header.png') >= 0 && lastCommand[0] === 'cp' && /header\.png$/.test(lastCommand[1]) && /images/.test(lastCommand[2]))

at Context.<anonymous> (test/610.test.js:9:5)
FAILED TEST LOG
  ✘ tests should pass

AssertionError [ERR_ASSERTION]: The expression evaluated to a falsy value:

assert(imagesDirectory.indexOf('header.png') >= 0 && lastCommand[0] === 'cp' && /header\.png$/.test(lastCommand[1]) && /images/.test(lastCommand[2]))

at Context.<anonymous> (test/610.test.js:9:5)
FAILED TEST LOG
  ✘ tests should pass

AssertionError [ERR_ASSERTION]: The expression evaluated to a falsy value:

assert(imagesDirectory.indexOf('header.png') >= 0 && lastCommand[0] === 'cp' && /header\.png$/.test(lastCommand[1]) && /images/.test(lastCommand[2]))

at Context.<anonymous> (test/610.test.js:9:5)
FAILED TEST LOG
  ✘ tests should pass

AssertionError [ERR_ASSERTION]: The expression evaluated to a falsy value:

assert(imagesDirectory.indexOf('header.png') >= 0 && lastCommand[0] === 'cp' && /header\.png$/.test(lastCommand[1]) && /images/.test(lastCommand[2]))

at Context.<anonymous> (test/610.test.js:9:5)
FAILED TEST LOG
  ✘ tests should pass

AssertionError [ERR_ASSERTION]: The expression evaluated to a falsy value:

assert(imagesDirectory.indexOf('header.png') >= 0 && lastCommand[0] === 'cp' && /header\.png$/.test(lastCommand[1]) && /images/.test(lastCommand[2]))

at Context.<anonymous> (test/610.test.js:9:5)
FAILED TEST LOG
  ✘ tests should pass

AssertionError [ERR_ASSERTION]: The expression evaluated to a falsy value:

assert(imagesDirectory.indexOf('header.png') >= 0 && lastCommand[0] === 'cp' && /header\.png$/.test(lastCommand[1]) && /images/.test(lastCommand[2]))

at Context.<anonymous> (test/610.test.js:9:5)
FAILED TEST LOG
  ✘ tests should pass

AssertionError [ERR_ASSERTION]: The expression evaluated to a falsy value:

assert(imagesDirectory.indexOf('footer.jpeg') >= 0 && lastCommand[0] === 'cp' && /footer\.jpeg$/.test(lastCommand[1]) && /images/.test(lastCommand[2]))

at Context.<anonymous> (test/620.test.js:9:5)
